# JRE version: OpenJDK Runtime Environment (17.0.7) (build 17.0.7+0-b2043.56-10550314)
# Java VM: OpenJDK 64-Bit Server VM (17.0.7+0-b2043.56-10550314, mixed mode, tiered, compressed oops, compressed class ptrs, g1 gc, windows-amd64)
GC Precious Log:
 CPUs: 4 total, 4 available
 Memory: 4014M
 Large Page Support: Disabled
 NUMA Support: Disabled
 Compressed Oops: Enabled (Zero based)
 Heap Region Size: 2M
 Heap Min Capacity: 8M
 Heap Initial Capacity: 64M
 Heap Max Capacity: 4G
 Pre-touch: Disabled
 Parallel Workers: 4
 Concurrent Workers: 1
 Concurrent Refinement Workers: 4
 Periodic GC: Disabled
Heap:
 garbage-first heap   total 184320K, used 145295K [0x0000000700000000, 0x0000000800000000)
  region size 2048K, 19 young (38912K), 1 survivors (2048K)
 Metaspace       used 99475K, committed 100288K, reserved 1179648K
  class space    used 13671K, committed 14016K, reserved 1048576K
GC Heap History (20 events):
Event: 34.290 GC heap before
{Heap before GC invocations=39 (full 0):
 garbage-first heap   total 141312K, used 113013K [0x0000000700000000, 0x0000000800000000)
  region size 2048K, 21 young (43008K), 1 survivors (2048K)
 Metaspace       used 78351K, committed 79040K, reserved 1179648K
  class space    used 10468K, committed 10752K, reserved 1048576K
}
Event: 34.310 GC heap after
{Heap after GC invocations=40 (full 0):
 garbage-first heap   total 141312K, used 74547K [0x0000000700000000, 0x0000000800000000)
  region size 2048K, 3 young (6144K), 3 survivors (6144K)
 Metaspace       used 78351K, committed 79040K, reserved 1179648K
  class space    used 10468K, committed 10752K, reserved 1048576K
}
Event: 36.595 GC heap before
{Heap before GC invocations=40 (full 0):
 garbage-first heap   total 141312K, used 111411K [0x0000000700000000, 0x0000000800000000)
  region size 2048K, 21 young (43008K), 3 survivors (6144K)
 Metaspace       used 81990K, committed 82752K, reserved 1179648K
  class space    used 11101K, committed 11456K, reserved 1048576K
}
Event: 36.609 GC heap after
{Heap after GC invocations=41 (full 0):
 garbage-first heap   total 141312K, used 77290K [0x0000000700000000, 0x0000000800000000)
  region size 2048K, 3 young (6144K), 3 survivors (6144K)
 Metaspace       used 81990K, committed 82752K, reserved 1179648K
  class space    used 11101K, committed 11456K, reserved 1048576K
}
Event: 37.829 GC heap before
{Heap before GC invocations=42 (full 0):
 garbage-first heap   total 141312K, used 116202K [0x0000000700000000, 0x0000000800000000)
  region size 2048K, 22 young (45056K), 3 survivors (6144K)
 Metaspace       used 84479K, committed 85248K, reserved 1179648K
  class space    used 11517K, committed 11840K, reserved 1048576K
}
Event: 37.849 GC heap after
{Heap after GC invocations=43 (full 0):
 garbage-first heap   total 141312K, used 81846K [0x0000000700000000, 0x0000000800000000)
  region size 2048K, 3 young (6144K), 3 survivors (6144K)
 Metaspace       used 84479K, committed 85248K, reserved 1179648K
  class space    used 11517K, committed 11840K, reserved 1048576K
}
Event: 39.222 GC heap before
{Heap before GC invocations=43 (full 0):
 garbage-first heap   total 141312K, used 116662K [0x0000000700000000, 0x0000000800000000)
  region size 2048K, 20 young (40960K), 3 survivors (6144K)
 Metaspace       used 85854K, committed 86592K, reserved 1179648K
  class space    used 11749K, committed 12096K, reserved 1048576K
}
Event: 39.243 GC heap after
{Heap after GC invocations=44 (full 0):
 garbage-first heap   total 178176K, used 87627K [0x0000000700000000, 0x0000000800000000)
  region size 2048K, 3 young (6144K), 3 survivors (6144K)
 Metaspace       used 85854K, committed 86592K, reserved 1179648K
  class space    used 11749K, committed 12096K, reserved 1048576K
}
Event: 41.446 GC heap before
{Heap before GC invocations=45 (full 0):
 garbage-first heap   total 178176K, used 138827K [0x0000000700000000, 0x0000000800000000)
  region size 2048K, 28 young (57344K), 3 survivors (6144K)
 Metaspace       used 86424K, committed 87104K, reserved 1179648K
  class space    used 11814K, committed 12096K, reserved 1048576K
}
Event: 41.469 GC heap after
{Heap after GC invocations=46 (full 0):
 garbage-first heap   total 178176K, used 89117K [0x0000000700000000, 0x0000000800000000)
  region size 2048K, 1 young (2048K), 1 survivors (2048K)
 Metaspace       used 86424K, committed 87104K, reserved 1179648K
  class space    used 11814K, committed 12096K, reserved 1048576K
}
Event: 44.133 GC heap before
{Heap before GC invocations=46 (full 0):
 garbage-first heap   total 178176K, used 144413K [0x0000000700000000, 0x0000000800000000)
  region size 2048K, 29 young (59392K), 1 survivors (2048K)
 Metaspace       used 87613K, committed 88384K, reserved 1179648K
  class space    used 11954K, committed 12288K, reserved 1048576K
}
Event: 44.146 GC heap after
{Heap after GC invocations=47 (full 0):
 garbage-first heap   total 178176K, used 94111K [0x0000000700000000, 0x0000000800000000)
  region size 2048K, 4 young (8192K), 4 survivors (8192K)
 Metaspace       used 87613K, committed 88384K, reserved 1179648K
  class space    used 11954K, committed 12288K, reserved 1048576K
}
Event: 46.106 GC heap before
{Heap before GC invocations=48 (full 0):
 garbage-first heap   total 178176K, used 143263K [0x0000000700000000, 0x0000000800000000)
  region size 2048K, 28 young (57344K), 4 survivors (8192K)
 Metaspace       used 92565K, committed 93312K, reserved 1179648K
  class space    used 12699K, committed 12992K, reserved 1048576K
}
Event: 46.136 GC heap after
{Heap after GC invocations=49 (full 0):
 garbage-first heap   total 178176K, used 98043K [0x0000000700000000, 0x0000000800000000)
  region size 2048K, 2 young (4096K), 2 survivors (4096K)
 Metaspace       used 92565K, committed 93312K, reserved 1179648K
  class space    used 12699K, committed 12992K, reserved 1048576K
}
Event: 47.368 GC heap before
{Heap before GC invocations=49 (full 0):
 garbage-first heap   total 178176K, used 145147K [0x0000000700000000, 0x0000000800000000)
  region size 2048K, 25 young (51200K), 2 survivors (4096K)
 Metaspace       used 96616K, committed 97408K, reserved 1179648K
  class space    used 13202K, committed 13568K, reserved 1048576K
}
Event: 47.383 GC heap after
{Heap after GC invocations=50 (full 0):
 garbage-first heap   total 178176K, used 102946K [0x0000000700000000, 0x0000000800000000)
  region size 2048K, 4 young (8192K), 4 survivors (8192K)
 Metaspace       used 96616K, committed 97408K, reserved 1179648K
  class space    used 13202K, committed 13568K, reserved 1048576K
}
Event: 51.937 GC heap before
{Heap before GC invocations=51 (full 0):
 garbage-first heap   total 184320K, used 145954K [0x0000000700000000, 0x0000000800000000)
  region size 2048K, 25 young (51200K), 4 survivors (8192K)
 Metaspace       used 98690K, committed 99520K, reserved 1179648K
  class space    used 13552K, committed 13888K, reserved 1048576K
}
Event: 52.013 GC heap after
{Heap after GC invocations=52 (full 0):
 garbage-first heap   total 184320K, used 110024K [0x0000000700000000, 0x0000000800000000)
  region size 2048K, 4 young (8192K), 4 survivors (8192K)
 Metaspace       used 98690K, committed 99520K, reserved 1179648K
  class space    used 13552K, committed 13888K, reserved 1048576K
}
Event: 52.140 GC heap before
{Heap before GC invocations=52 (full 0):
 garbage-first heap   total 184320K, used 112072K [0x0000000700000000, 0x0000000800000000)
  region size 2048K, 5 young (10240K), 4 survivors (8192K)
 Metaspace       used 98708K, committed 99520K, reserved 1179648K
  class space    used 13554K, committed 13888K, reserved 1048576K
}
Event: 52.167 GC heap after
{Heap after GC invocations=53 (full 0):
 garbage-first heap   total 184320K, used 110479K [0x0000000700000000, 0x0000000800000000)
  region size 2048K, 1 young (2048K), 1 survivors (2048K)
 Metaspace       used 98708K, committed 99520K, reserved 1179648K
  class space    used 13554K, committed 13888K, reserved 1048576K
}

